<?xml version='1.0'?>
<ns2:test-suite xmlns:ns2='urn:model.allure.qatools.yandex.ru' start='1632827269696' stop='1632827280150'>
    <name>Performing timeouts operation: Performing action</name>
    <title>Performing timeouts operation: Performing action</title>
    <test-cases>
        <test-case start='1632827269697' status='passed' stop='1632827269699'>
            <name></name>
            <title></title>
            <labels>
                <label name='language' value='javascript'/>
                <label name='framework' value='wdio'/>
                <label name='thread' value='0-0'/>
            </labels>
            <parameters>
                <parameter kind='argument' name='browser' value='chrome-93.0.4577.63'/>
            </parameters>
            <steps/>
            <attachments/>
        </test-case>
        <test-case start='1632827269699' status='passed' stop='1632827279741'>
            <name>Given I'm on the webdriverio page</name>
            <title>Given I'm on the webdriverio page</title>
            <labels>
                <label name='language' value='javascript'/>
                <label name='framework' value='wdio'/>
                <label name='thread' value='0-0'/>
            </labels>
            <parameters>
                <parameter kind='argument' name='browser' value='chrome-93.0.4577.63'/>
            </parameters>
            <steps/>
            <attachments/>
        </test-case>
        <test-case start='1632827279742' status='failed' stop='1632827280149'>
            <name>When I have the right title</name>
            <title>When I have the right title</title>
            <labels>
                <label name='language' value='javascript'/>
                <label name='framework' value='wdio'/>
                <label name='thread' value='0-0'/>
            </labels>
            <parameters>
                <parameter kind='argument' name='browser' value='chrome-93.0.4577.63'/>
            </parameters>
            <steps/>
            <attachments/>
            <failure>
                <message>AssertionError</message>
                <stack-trace>AssertionError
                    + expected - actual
                
                    -WebdriverIO Â· Next-gen browser and mobile automation test framework for Node.js | WebdriverIO
                    +Next-gen browser and mobile automation test framework for Node.js
                
                    at World.&lt;anonymous> (/Users/shreyaputhi/cucumber/features/step-definitions/timeouts.js:9:9)</stack-trace>
            </failure>
        </test-case>
        <test-case start='1632827280149' status='pending' stop='1632827280149'>
            <name>Then I will be performing timeouts action</name>
            <title>Then I will be performing timeouts action</title>
            <labels>
                <label name='language' value='javascript'/>
                <label name='framework' value='wdio'/>
                <label name='thread' value='0-0'/>
            </labels>
            <parameters>
                <parameter kind='argument' name='browser' value='chrome-93.0.4577.63'/>
            </parameters>
            <steps/>
            <attachments/>
        </test-case>
        <test-case start='1632827280149' status='passed' stop='1632827280150'>
            <name></name>
            <title></title>
            <labels>
                <label name='language' value='javascript'/>
                <label name='framework' value='wdio'/>
                <label name='thread' value='0-0'/>
            </labels>
            <parameters>
                <parameter kind='argument' name='browser' value='chrome-93.0.4577.63'/>
            </parameters>
            <steps/>
            <attachments/>
        </test-case>
    </test-cases>
</ns2:test-suite>